<?xml version="1.0" encoding="UTF-8"?>
<!-- Generated by org.testng.reporters.JUnitXMLReporter -->
<testsuite ignored="0" hostname="MSI" failures="0" tests="8" name="ChromeTest" time="207.639" errors="0" timestamp="2023-09-06T17:51:04 IST">
  <testcase classname="com.spicejet.tests.SpicejetTest" name="browserLaunch" time="6.657"/>
  <testcase classname="com.spicejet.tests.SpicejetSignUpTest" name="signUpPage" time="32.775"/>
  <testcase classname="com.spicejet.tests.SpicejetLoginTest" name="loginSpiceJet" time="24.285"/>
  <testcase classname="com.spicejet.tests.SpicejetRoundTripTest" name="SearchRoundTripFlight" time="28.462"/>
  <testcase classname="com.spicejet.tests.SpicejetBookingFieldTest" name="validateBookingField" time="22.01"/>
  <testcase classname="com.spicejet.tests.SpicejetBookingTest" name="BookingFlight" time="36.914"/>
  <testcase classname="com.spicejet.tests.SpicejetLogin_NegativeTest" name="loginInvalidCred" time="17.797"/>
  <testcase classname="com.spicejet.tests.SpicejetInvalidPassengerDet_Negativetest" name="SignUpInvalidCred" time="31.359"/>
</testsuite> <!-- ChromeTest -->
