<?xml version="1.0" encoding="UTF-8"?>
<!-- Generated by org.testng.reporters.JUnitXMLReporter -->
<testsuite ignored="0" hostname="MSI" failures="0" tests="7" name="EdgeTest" time="240.046" errors="0" timestamp="2023-09-09T19:18:42 IST">
  <testcase classname="com.spicejet.tests.SpicejetTest" name="browserLaunch" time="5.585"/>
  <testcase classname="com.spicejet.tests.SpicejetLoginTest" name="loginSpiceJet" time="24.965"/>
  <testcase classname="com.spicejet.tests.SpicejetRoundTripTest" name="SearchRoundTripFlight" time="30.118"/>
  <testcase classname="com.spicejet.tests.SpicejetBookingFieldTest" name="validateBookingField" time="25.017"/>
  <testcase classname="com.spicejet.tests.SpicejetBookingTest" name="BookingFlight" time="50.192"/>
  <testcase classname="com.spicejet.tests.SpicejetLogin_NegativeTest" name="loginInvalidCred" time="20.027"/>
  <testcase classname="com.spicejet.tests.SpicejetInvalidPassengerDet_Negativetest" name="SignUpInvalidCred" time="75.879"/>
</testsuite> <!-- EdgeTest -->
