<?xml version="1.0" encoding="UTF-8"?>
<!-- Generated by org.testng.reporters.JUnitXMLReporter -->
<testsuite ignored="0" hostname="MSI" failures="0" tests="5" name="EdgeTest" time="160.704" errors="0" timestamp="2023-09-05T22:38:06 IST">
  <testcase classname="com.spicejet.tests.SpicejetTest" name="browserLaunch" time="10.678"/>
  <testcase classname="com.spicejet.tests.SpicejetLoginTest" name="loginSpiceJet" time="32.769"/>
  <testcase classname="com.spicejet.tests.SpicejetRoundTripTest" name="SearchRoundTripFlight" time="39.086"/>
  <testcase classname="com.spicejet.tests.SpicejetBookingFieldTest" name="validateBookingField" time="24.468"/>
  <testcase classname="com.spicejet.tests.SpicejetBookingTest" name="BookingFlight" time="46.135"/>
</testsuite> <!-- EdgeTest -->
