<?xml version="1.0" encoding="UTF-8"?>
<!-- Generated by org.testng.reporters.JUnitXMLReporter -->
<testsuite ignored="0" hostname="MSI" failures="0" tests="5" name="Test" time="196.405" errors="0" timestamp="2023-09-04T11:48:47 IST">
  <testcase classname="com.spicejet.tests.SpicejetTest" name="browserLaunch" time="6.655"/>
  <testcase classname="com.spicejet.tests.SpicejetLoginTest" name="loginSpiceJet" time="25.995"/>
  <testcase classname="com.spicejet.tests.SpicejetRoundTripTest" name="SearchRoundTripFlight" time="62.547"/>
  <testcase classname="com.spicejet.tests.SpicejetBookingTest" name="BookingFlight" time="18.977"/>
  <testcase classname="com.spicejet.tests.SpicejetBookingFieldTest" name="validateBookingField" time="20.608"/>
</testsuite> <!-- Test -->
