<?xml version="1.0" encoding="UTF-8"?>
<testng-results ignored="0" total="6" passed="6" failed="0" skipped="0">
  <reporter-output>
  </reporter-output>
  <suite started-at="2023-09-09T20:50:24 IST" name="Suite" finished-at="2023-09-09T20:53:09 IST" duration-ms="164876">
    <groups>
    </groups>
    <test started-at="2023-09-09T20:50:24 IST" name="ChromeTest" finished-at="2023-09-09T20:53:09 IST" duration-ms="164876">
      <class name="com.spicejet.utils.Reports">
        <test-method is-config="true" signature="startReport()[pri:0, instance:com.spicejet.utils.Reports@7d9d0818]" started-at="2023-09-09T20:50:23 IST" name="startReport" finished-at="2023-09-09T20:50:24 IST" duration-ms="288" status="PASS">
          <reporter-output>
          </reporter-output>
        </test-method> <!-- startReport -->
        <test-method is-config="true" signature="endReport()[pri:0, instance:com.spicejet.utils.Reports@7d9d0818]" started-at="2023-09-09T20:53:09 IST" name="endReport" finished-at="2023-09-09T20:53:09 IST" duration-ms="348" status="PASS">
          <reporter-output>
          </reporter-output>
        </test-method> <!-- endReport -->
      </class> <!-- com.spicejet.utils.Reports -->
      <class name="com.spicejet.tests.SpicejetBookingFieldTest">
        <test-method is-config="true" signature="setUp(java.lang.String)[pri:0, instance:com.spicejet.tests.SpicejetBookingFieldTest@7e057f43]" started-at="2023-09-09T20:51:30 IST" name="setUp" finished-at="2023-09-09T20:51:30 IST" duration-ms="0" status="PASS">
          <params>
            <param index="0">
              <value>
                <![CDATA[chrome]]>
              </value>
            </param>
          </params>
          <reporter-output>
          </reporter-output>
        </test-method> <!-- setUp -->
        <test-method signature="validateBookingField()[pri:0, instance:com.spicejet.tests.SpicejetBookingFieldTest@7e057f43]" started-at="2023-09-09T20:51:30 IST" name="validateBookingField" finished-at="2023-09-09T20:51:53 IST" duration-ms="22220" status="PASS">
          <reporter-output>
          </reporter-output>
        </test-method> <!-- validateBookingField -->
        <test-method is-config="true" signature="closeBrowsers()[pri:0, instance:com.spicejet.tests.SpicejetBookingFieldTest@7e057f43]" started-at="2023-09-09T20:51:53 IST" name="closeBrowsers" finished-at="2023-09-09T20:51:53 IST" duration-ms="192" status="PASS">
          <reporter-output>
          </reporter-output>
        </test-method> <!-- closeBrowsers -->
      </class> <!-- com.spicejet.tests.SpicejetBookingFieldTest -->
      <class name="com.spicejet.tests.SpicejetRoundTripTest">
        <test-method is-config="true" signature="setUp(java.lang.String)[pri:0, instance:com.spicejet.tests.SpicejetRoundTripTest@6e9a5ed8]" started-at="2023-09-09T20:50:58 IST" name="setUp" finished-at="2023-09-09T20:50:58 IST" duration-ms="1" status="PASS">
          <params>
            <param index="0">
              <value>
                <![CDATA[chrome]]>
              </value>
            </param>
          </params>
          <reporter-output>
          </reporter-output>
        </test-method> <!-- setUp -->
        <test-method signature="SearchRoundTripFlight()[pri:0, instance:com.spicejet.tests.SpicejetRoundTripTest@6e9a5ed8]" started-at="2023-09-09T20:50:58 IST" name="SearchRoundTripFlight" finished-at="2023-09-09T20:51:27 IST" duration-ms="29623" status="PASS">
          <reporter-output>
          </reporter-output>
        </test-method> <!-- SearchRoundTripFlight -->
        <test-method is-config="true" signature="closeBrowsers()[pri:0, instance:com.spicejet.tests.SpicejetRoundTripTest@6e9a5ed8]" started-at="2023-09-09T20:51:27 IST" name="closeBrowsers" finished-at="2023-09-09T20:51:30 IST" duration-ms="3196" status="PASS">
          <reporter-output>
          </reporter-output>
        </test-method> <!-- closeBrowsers -->
      </class> <!-- com.spicejet.tests.SpicejetRoundTripTest -->
      <class name="com.spicejet.tests.SpicejetLoginTest">
        <test-method is-config="true" signature="setUp(java.lang.String)[pri:0, instance:com.spicejet.tests.SpicejetLoginTest@268f106e]" started-at="2023-09-09T20:50:31 IST" name="setUp" finished-at="2023-09-09T20:50:31 IST" duration-ms="1" status="PASS">
          <params>
            <param index="0">
              <value>
                <![CDATA[chrome]]>
              </value>
            </param>
          </params>
          <reporter-output>
          </reporter-output>
        </test-method> <!-- setUp -->
        <test-method signature="loginSpiceJet(java.lang.String,java.lang.String)[pri:0, instance:com.spicejet.tests.SpicejetLoginTest@268f106e]" started-at="2023-09-09T20:50:32 IST" name="loginSpiceJet" data-provider="fetchData" finished-at="2023-09-09T20:50:57 IST" duration-ms="25908" status="PASS">
          <params>
            <param index="0">
              <value>
                <![CDATA[9688741481]]>
              </value>
            </param>
            <param index="1">
              <value>
                <![CDATA[Sadhumaa@123]]>
              </value>
            </param>
          </params>
          <reporter-output>
          </reporter-output>
        </test-method> <!-- loginSpiceJet -->
        <test-method is-config="true" signature="closeBrowsers()[pri:0, instance:com.spicejet.tests.SpicejetLoginTest@268f106e]" started-at="2023-09-09T20:50:57 IST" name="closeBrowsers" finished-at="2023-09-09T20:50:58 IST" duration-ms="182" status="PASS">
          <reporter-output>
          </reporter-output>
        </test-method> <!-- closeBrowsers -->
      </class> <!-- com.spicejet.tests.SpicejetLoginTest -->
      <class name="com.spicejet.tests.SpicejetLogin_NegativeTest">
        <test-method is-config="true" signature="setUp(java.lang.String)[pri:0, instance:com.spicejet.tests.SpicejetLogin_NegativeTest@5890e879]" started-at="2023-09-09T20:52:49 IST" name="setUp" finished-at="2023-09-09T20:52:49 IST" duration-ms="1" status="PASS">
          <params>
            <param index="0">
              <value>
                <![CDATA[chrome]]>
              </value>
            </param>
          </params>
          <reporter-output>
          </reporter-output>
        </test-method> <!-- setUp -->
        <test-method signature="loginInvalidCred()[pri:0, instance:com.spicejet.tests.SpicejetLogin_NegativeTest@5890e879]" started-at="2023-09-09T20:52:49 IST" name="loginInvalidCred" finished-at="2023-09-09T20:53:08 IST" duration-ms="19167" status="PASS">
          <reporter-output>
          </reporter-output>
        </test-method> <!-- loginInvalidCred -->
        <test-method is-config="true" signature="closeBrowsers()[pri:0, instance:com.spicejet.tests.SpicejetLogin_NegativeTest@5890e879]" started-at="2023-09-09T20:53:08 IST" name="closeBrowsers" finished-at="2023-09-09T20:53:09 IST" duration-ms="195" status="PASS">
          <reporter-output>
          </reporter-output>
        </test-method> <!-- closeBrowsers -->
      </class> <!-- com.spicejet.tests.SpicejetLogin_NegativeTest -->
      <class name="com.spicejet.tests.SpicejetTest">
        <test-method is-config="true" signature="setUp(java.lang.String)[pri:0, instance:com.spicejet.tests.SpicejetTest@710c2b53]" started-at="2023-09-09T20:50:24 IST" name="setUp" finished-at="2023-09-09T20:50:24 IST" duration-ms="3" status="PASS">
          <params>
            <param index="0">
              <value>
                <![CDATA[chrome]]>
              </value>
            </param>
          </params>
          <reporter-output>
          </reporter-output>
        </test-method> <!-- setUp -->
        <test-method signature="browserLaunch()[pri:0, instance:com.spicejet.tests.SpicejetTest@710c2b53]" started-at="2023-09-09T20:50:24 IST" name="browserLaunch" finished-at="2023-09-09T20:50:31 IST" duration-ms="6859" status="PASS">
          <reporter-output>
          </reporter-output>
        </test-method> <!-- browserLaunch -->
        <test-method is-config="true" signature="closeBrowsers()[pri:0, instance:com.spicejet.tests.SpicejetTest@710c2b53]" started-at="2023-09-09T20:50:31 IST" name="closeBrowsers" finished-at="2023-09-09T20:50:31 IST" duration-ms="156" status="PASS">
          <reporter-output>
          </reporter-output>
        </test-method> <!-- closeBrowsers -->
      </class> <!-- com.spicejet.tests.SpicejetTest -->
      <class name="com.spicejet.tests.SpicejetBookingTest">
        <test-method is-config="true" signature="setUp(java.lang.String)[pri:0, instance:com.spicejet.tests.SpicejetBookingTest@6c284af]" started-at="2023-09-09T20:51:53 IST" name="setUp" finished-at="2023-09-09T20:51:53 IST" duration-ms="1" status="PASS">
          <params>
            <param index="0">
              <value>
                <![CDATA[chrome]]>
              </value>
            </param>
          </params>
          <reporter-output>
          </reporter-output>
        </test-method> <!-- setUp -->
        <test-method signature="BookingFlight()[pri:0, instance:com.spicejet.tests.SpicejetBookingTest@6c284af]" started-at="2023-09-09T20:51:53 IST" name="BookingFlight" finished-at="2023-09-09T20:52:46 IST" duration-ms="53182" status="PASS">
          <reporter-output>
          </reporter-output>
        </test-method> <!-- BookingFlight -->
        <test-method is-config="true" signature="closeBrowsers()[pri:0, instance:com.spicejet.tests.SpicejetBookingTest@6c284af]" started-at="2023-09-09T20:52:46 IST" name="closeBrowsers" finished-at="2023-09-09T20:52:49 IST" duration-ms="3193" status="PASS">
          <reporter-output>
          </reporter-output>
        </test-method> <!-- closeBrowsers -->
      </class> <!-- com.spicejet.tests.SpicejetBookingTest -->
    </test> <!-- ChromeTest -->
  </suite> <!-- Suite -->
</testng-results>
